build/app/intermediates/manifest_merge_blame_file/debug/manifest-merger-blame-debug-report.txt
1<?xml version="1.0" encoding="utf-8"?>
2<manifest xmlns:android="http://schemas.android.com/apk/res/android"
3    package="com.example.expansiontile"
4    android:versionCode="1"
5    android:versionName="1.0.0" >
6
7    <uses-sdk
8        android:minSdkVersion="21"
9        android:targetSdkVersion="28" />
10    <!--
11         Flutter needs it to communicate with the running application
12         to allow setting breakpoints, to provide hot reload, etc.
13    -->
14    <uses-permission android:name="android.permission.INTERNET" />
14-->src\debug\AndroidManifest.xml:6:5-66
14-->src\debug\AndroidManifest.xml:6:22-64
15    <!--
16     io.flutter.app.FlutterApplication is an android.app.Application that
17         calls FlutterMain.startInitialization(this); in its onCreate method.
18         In most cases you can leave this as-is, but you if you want to provide
19         additional functionality it is fine to subclass or reimplement
20         FlutterApplication and put your custom class here.
21    -->
22    <application
22-->src\main\AndroidManifest.xml:8:5-29:19
23        android:name="io.flutter.app.FlutterApplication"
23-->src\main\AndroidManifest.xml:9:9-57
24        android:appComponentFactory="androidx.core.app.CoreComponentFactory"
24-->[androidx.core:core:1.1.0] AndroidManifest.xml:24:18-86
25        android:debuggable="true"
26        android:icon="@mipmap/ic_launcher"
26-->src\main\AndroidManifest.xml:11:9-43
27        android:label="expansiontile" >
27-->src\main\AndroidManifest.xml:10:9-38
28        <activity
28-->src\main\AndroidManifest.xml:12:9-23:20
29            android:name="com.example.expansiontile.MainActivity"
29-->src\main\AndroidManifest.xml:13:13-41
30            android:configChanges="orientation|keyboardHidden|keyboard|screenSize|smallestScreenSize|locale|layoutDirection|fontScale|screenLayout|density|uiMode"
30-->src\main\AndroidManifest.xml:16:13-163
31            android:hardwareAccelerated="true"
31-->src\main\AndroidManifest.xml:17:13-47
32            android:launchMode="singleTop"
32-->src\main\AndroidManifest.xml:14:13-43
33            android:theme="@style/LaunchTheme"
33-->src\main\AndroidManifest.xml:15:13-47
34            android:windowSoftInputMode="adjustResize" >
34-->src\main\AndroidManifest.xml:18:13-55
35            <intent-filter>
35-->src\main\AndroidManifest.xml:19:13-22:29
36                <action android:name="android.intent.action.MAIN" />
36-->src\main\AndroidManifest.xml:20:17-68
36-->src\main\AndroidManifest.xml:20:25-66
37
38                <category android:name="android.intent.category.LAUNCHER" />
38-->src\main\AndroidManifest.xml:21:17-76
38-->src\main\AndroidManifest.xml:21:27-74
39            </intent-filter>
40        </activity>
41        <!--
42             Don't delete the meta-data below.
43             This is used by the Flutter tool to generate GeneratedPluginRegistrant.java
44        -->
45        <meta-data
45-->src\main\AndroidManifest.xml:26:9-28:33
46            android:name="flutterEmbedding"
46-->src\main\AndroidManifest.xml:27:13-44
47            android:value="2" />
47-->src\main\AndroidManifest.xml:28:13-30
48
49        <activity
49-->[:razorpay_flutter] AndroidManifest.xml:8:9-11:20
50            android:name="com.razorpay.CheckoutActivity"
50-->[:razorpay_flutter] AndroidManifest.xml:9:13-57
51            android:configChanges="keyboard|keyboardHidden|orientation|screenSize"
51-->[com.razorpay:checkout:1.5.16] AndroidManifest.xml:20:13-83
52            android:label="Razorpay Checkout"
52-->[:razorpay_flutter] AndroidManifest.xml:10:13-46
53            android:theme="@style/CheckoutTheme" >
53-->[com.razorpay:checkout:1.5.16] AndroidManifest.xml:21:13-49
54            <intent-filter>
54-->[com.razorpay:checkout:1.5.16] AndroidManifest.xml:22:13-28:29
55                <action android:name="android.intent.action.MAIN" />
55-->src\main\AndroidManifest.xml:20:17-68
55-->src\main\AndroidManifest.xml:20:25-66
56
57                <data
57-->[com.razorpay:checkout:1.5.16] AndroidManifest.xml:25:17-27:47
58                    android:host="rzp.io"
58-->[com.razorpay:checkout:1.5.16] AndroidManifest.xml:26:21-42
59                    android:scheme="io.rzp" />
59-->[com.razorpay:checkout:1.5.16] AndroidManifest.xml:27:21-44
60            </intent-filter>
61        </activity>
62        <activity
62-->[:url_launcher] AndroidManifest.xml:8:9-11:74
63            android:name="io.flutter.plugins.urllauncher.WebViewActivity"
63-->[:url_launcher] AndroidManifest.xml:9:13-74
64            android:exported="false"
64-->[:url_launcher] AndroidManifest.xml:10:13-37
65            android:theme="@android:style/Theme.NoTitleBar.Fullscreen" />
65-->[:url_launcher] AndroidManifest.xml:11:13-71
66
67        <receiver android:name="com.razorpay.RzpTokenReceiver" >
67-->[com.razorpay:checkout:1.5.16] AndroidManifest.xml:12:9-16:20
67-->[com.razorpay:checkout:1.5.16] AndroidManifest.xml:12:19-63
68            <intent-filter>
68-->[com.razorpay:checkout:1.5.16] AndroidManifest.xml:13:13-15:29
69                <action android:name="rzp.device_token.share" />
69-->[com.razorpay:checkout:1.5.16] AndroidManifest.xml:14:17-65
69-->[com.razorpay:checkout:1.5.16] AndroidManifest.xml:14:25-62
70            </intent-filter>
71        </receiver>
72    </application>
73
74</manifest>